running egg_info
creating ../../build/alyPacote/alyPacote.egg-info
writing ../../build/alyPacote/alyPacote.egg-info/PKG-INFO
writing dependency_links to ../../build/alyPacote/alyPacote.egg-info/dependency_links.txt
writing entry points to ../../build/alyPacote/alyPacote.egg-info/entry_points.txt
writing requirements to ../../build/alyPacote/alyPacote.egg-info/requires.txt
writing top-level names to ../../build/alyPacote/alyPacote.egg-info/top_level.txt
writing manifest file '../../build/alyPacote/alyPacote.egg-info/SOURCES.txt'
reading manifest file '../../build/alyPacote/alyPacote.egg-info/SOURCES.txt'
writing manifest file '../../build/alyPacote/alyPacote.egg-info/SOURCES.txt'
running build
running build_py
creating /home/alyssoncordeiro/turtleBot/models/m6-ec-encontro1/exemplos/ros2_ws/build/alyPacote/build
creating /home/alyssoncordeiro/turtleBot/models/m6-ec-encontro1/exemplos/ros2_ws/build/alyPacote/build/lib
creating /home/alyssoncordeiro/turtleBot/models/m6-ec-encontro1/exemplos/ros2_ws/build/alyPacote/build/lib/alyPacote
copying alyPacote/__init__.py -> /home/alyssoncordeiro/turtleBot/models/m6-ec-encontro1/exemplos/ros2_ws/build/alyPacote/build/lib/alyPacote
running install
running install_lib
creating /home/alyssoncordeiro/turtleBot/models/m6-ec-encontro1/exemplos/ros2_ws/install/alyPacote/lib/python3.10/site-packages/alyPacote
copying /home/alyssoncordeiro/turtleBot/models/m6-ec-encontro1/exemplos/ros2_ws/build/alyPacote/build/lib/alyPacote/__init__.py -> /home/alyssoncordeiro/turtleBot/models/m6-ec-encontro1/exemplos/ros2_ws/install/alyPacote/lib/python3.10/site-packages/alyPacote
byte-compiling /home/alyssoncordeiro/turtleBot/models/m6-ec-encontro1/exemplos/ros2_ws/install/alyPacote/lib/python3.10/site-packages/alyPacote/__init__.py to __init__.cpython-310.pyc
running install_data
creating /home/alyssoncordeiro/turtleBot/models/m6-ec-encontro1/exemplos/ros2_ws/install/alyPacote/share/ament_index
creating /home/alyssoncordeiro/turtleBot/models/m6-ec-encontro1/exemplos/ros2_ws/install/alyPacote/share/ament_index/resource_index
creating /home/alyssoncordeiro/turtleBot/models/m6-ec-encontro1/exemplos/ros2_ws/install/alyPacote/share/ament_index/resource_index/packages
copying resource/alyPacote -> /home/alyssoncordeiro/turtleBot/models/m6-ec-encontro1/exemplos/ros2_ws/install/alyPacote/share/ament_index/resource_index/packages
copying package.xml -> /home/alyssoncordeiro/turtleBot/models/m6-ec-encontro1/exemplos/ros2_ws/install/alyPacote/share/alyPacote
running install_egg_info
Copying ../../build/alyPacote/alyPacote.egg-info to /home/alyssoncordeiro/turtleBot/models/m6-ec-encontro1/exemplos/ros2_ws/install/alyPacote/lib/python3.10/site-packages/alyPacote-0.0.0-py3.10.egg-info
running install_scripts
Installing aly_entrypoint script to /home/alyssoncordeiro/turtleBot/models/m6-ec-encontro1/exemplos/ros2_ws/install/alyPacote/lib/alyPacote
writing list of installed files to '/home/alyssoncordeiro/turtleBot/models/m6-ec-encontro1/exemplos/ros2_ws/build/alyPacote/install.log'
